Build started 20/11/2017 01:46:43 ص.
     1>Project "F:\progect\rec\regt\regt.vcxproj" on node 2 (build target(s)).
     1>InitializeBuildStatus:
         Touching "Debug\regt.unsuccessfulbuild".
       _MASM:
       Skipping target "_MASM" because all output files are up-to-date with respect to the input files.
       _MASM:
         Assembling [Inputs]...
         cmd.exe /C "C:\Users\DELL\AppData\Local\Temp\tmp34d954806b4149f6b07b3c42c8359294.cmd"
         ml.exe /c /nologo /Zi /Fo"Debug\tes.obj" /W3 /errorReport:prompt  /Tates.asm
       ClCompile:
         c:\Program Files (x86)\Microsoft Visual Studio 10.0\VC\bin\CL.exe /c /ZI /nologo /W3 /WX- /Od /Oy- /D _MBCS /Gm /EHsc /RTC1 /MDd /GS /fp:precise /Zc:wchar_t /Zc:forScope /Fo"Debug\\" /Fd"Debug\vc100.pdb" /Gd /TC /analyze- /errorReport:prompt "C:\Users\DELL\Desktop\Assembly IO Headers\framework.c"
         framework.c
       ResourceCompile:
         c:\Program Files (x86)\Microsoft SDKs\Windows\v7.0A\bin\rc.exe /l"0x0409" /nologo /fo"Debug\framework.res" "C:\Users\DELL\Desktop\Assembly IO Headers\framework.rc" 
       Link:
         c:\Program Files (x86)\Microsoft Visual Studio 10.0\VC\bin\link.exe /ERRORREPORT:PROMPT /OUT:"F:\progect\rec\Debug\regt.exe" /NOLOGO kernel32.lib user32.lib gdi32.lib winspool.lib comdlg32.lib advapi32.lib shell32.lib ole32.lib oleaut32.lib uuid.lib odbc32.lib odbccp32.lib /MANIFEST /ManifestFile:"Debug\regt.exe.intermediate.manifest" /MANIFESTUAC:"level='asInvoker' uiAccess='false'" /DEBUG /PDB:"F:\progect\rec\Debug\regt.pdb" /SUBSYSTEM:WINDOWS /TLBID:1 /ENTRY:"MainProc" /DYNAMICBASE /NXCOMPAT /IMPLIB:"F:\progect\rec\Debug\regt.lib" /MACHINE:X86 Debug\framework.res
         Debug\framework.obj
         Debug\io.obj
         Debug\tes.obj
         regt.vcxproj -> F:\progect\rec\Debug\regt.exe
       Manifest:
         c:\Program Files (x86)\Microsoft SDKs\Windows\v7.0A\bin\mt.exe /nologo /verbose /outputresource:"F:\progect\rec\Debug\regt.exe;#1" /manifest Debug\regt.exe.intermediate.manifest
       FinalizeBuildStatus:
         Deleting file "Debug\regt.unsuccessfulbuild".
         Touching "Debug\regt.lastbuildstate".
     1>Done Building Project "F:\progect\rec\regt\regt.vcxproj" (build target(s)).

Build succeeded.

Time Elapsed 00:00:05.65
