Build started 20/11/2017 04:22:57 ص.
     1>Project "F:\progect\weigh\weight\weight.vcxproj" on node 2 (build target(s)).
     1>InitializeBuildStatus:
         Touching "Debug\weight.unsuccessfulbuild".
       _MASM:
       Skipping target "_MASM" because all output files are up-to-date with respect to the input files.
       _MASM:
       Skipping target "_MASM" because all output files are up-to-date with respect to the input files.
       ClCompile:
         All outputs are up-to-date.
       ResourceCompile:
         All outputs are up-to-date.
       Link:
         c:\Program Files (x86)\Microsoft Visual Studio 10.0\VC\bin\link.exe /ERRORREPORT:PROMPT /OUT:"F:\progect\weigh\Debug\weight.exe" /NOLOGO kernel32.lib user32.lib gdi32.lib winspool.lib comdlg32.lib advapi32.lib shell32.lib ole32.lib oleaut32.lib uuid.lib odbc32.lib odbccp32.lib /MANIFEST /ManifestFile:"Debug\weight.exe.intermediate.manifest" /MANIFESTUAC:"level='asInvoker' uiAccess='false'" /DEBUG /PDB:"F:\progect\weigh\Debug\weight.pdb" /SUBSYSTEM:WINDOWS /TLBID:1 /ENTRY:"MainProc" /DYNAMICBASE /NXCOMPAT /IMPLIB:"F:\progect\weigh\Debug\weight.lib" /MACHINE:X86 Debug\framework.res
         Debug\framework.obj
         Debug\io.obj
         Debug\test.obj
         weight.vcxproj -> F:\progect\weigh\Debug\weight.exe
       Manifest:
         c:\Program Files (x86)\Microsoft SDKs\Windows\v7.0A\bin\mt.exe /nologo /verbose /outputresource:"F:\progect\weigh\Debug\weight.exe;#1" /manifest Debug\weight.exe.intermediate.manifest
       FinalizeBuildStatus:
         Deleting file "Debug\weight.unsuccessfulbuild".
         Touching "Debug\weight.lastbuildstate".
     1>Done Building Project "F:\progect\weigh\weight\weight.vcxproj" (build target(s)).

Build succeeded.

Time Elapsed 00:00:00.92
